39402:01-01 19:57:56.989  1297  1321 I ActivityManager: Force stopping com.android.todolist appid=10289 user=-1: deletePackageX
39403:01-01 19:57:57.217  1297  1336 D PackageManager: updatePermissions, packageName: com.android.todolist, pkg: null, replaceGrant: false
39405:01-01 19:57:58.359  1297  1336 I ActivityManager: Force stopping com.android.todolist appid=10289 user=0: pkg removed
39406:01-01 19:57:58.360  1297  1336 I AutoStartManagerService: MIUILOG- Reject RestartService packageName :com.android.todolist uid : 10289
39409:01-01 19:57:58.400  1297  1321 W BroadcastQueue: Background execution not allowed: receiving Intent { act=android.intent.action.PACKAGE_REMOVED dat=package:com.android.todolist flg=0x4000010 (has extras) } to com.lbe.security.miui/com.lbe.security.service.BootReceiver
39410:01-01 19:57:58.400  1297  1321 W BroadcastQueue: Background execution not allowed: receiving Intent { act=android.intent.action.PACKAGE_REMOVED dat=package:com.android.todolist flg=0x4000010 (has extras) } to com.android.settings/.search.provider.UpdateReceiver
39411:01-01 19:57:58.400  1297  1321 W BroadcastQueue: Background execution not allowed: receiving Intent { act=android.intent.action.PACKAGE_REMOVED dat=package:com.android.todolist flg=0x4000010 (has extras) } to com.android.vending/com.google.android.finsky.packagemanager.impl.PackageMonitorReceiverImpl$RegisteredReceiver
39412:01-01 19:57:58.400  1297  1321 W BroadcastQueue: Background execution not allowed: receiving Intent { act=android.intent.action.PACKAGE_REMOVED dat=package:com.android.todolist flg=0x4000010 (has extras) } to com.android.vending/com.google.android.finsky.instantapps.appmanagement.InstantAppRemoveMonitor
39413:01-01 19:57:58.402  1297  1321 W BroadcastQueue: Background execution not allowed: receiving Intent { act=android.intent.action.PACKAGE_REMOVED dat=package:com.android.todolist flg=0x4000010 (has extras) } to com.facebook.services/com.facebook.oxygen.services.fbns.RegisteredMqttSystemBroadcastReceiver
39414:01-01 19:57:58.402  1297  1321 W BroadcastQueue: Background execution not allowed: receiving Intent { act=android.intent.action.PACKAGE_REMOVED dat=package:com.android.todolist flg=0x4000010 (has extras) } to com.google.android.apps.maps/com.google.android.libraries.social.peoplekit.thirdparty.viewcontrollers.ThirdPartyReceiver
39415:01-01 19:57:58.402  1297  1321 W BroadcastQueue: Background execution not allowed: receiving Intent { act=android.intent.action.PACKAGE_REMOVED dat=package:com.android.todolist flg=0x4000010 (has extras) } to com.google.android.gms/.games.chimera.GamesSystemBroadcastReceiverProxy
39416:01-01 19:57:58.409  1297  1321 W BroadcastQueue: Background execution not allowed: receiving Intent { act=android.intent.action.PACKAGE_REMOVED dat=package:com.android.todolist flg=0x4000010 (has extras) } to com.google.android.gms/.chimera.GmsIntentOperationService$PersistentTrustedReceiver
39417:01-01 19:57:58.410  1297  1321 W BroadcastQueue: Background execution not allowed: receiving Intent { act=android.intent.action.PACKAGE_REMOVED dat=package:com.android.todolist flg=0x4000010 (has extras) } to com.google.android.googlequicksearchbox/com.google.android.apps.gsa.googlequicksearchbox.GelStubAppWatcher
39418:01-01 19:57:58.410  1297  1321 W BroadcastQueue: Background execution not allowed: receiving Intent { act=android.intent.action.PACKAGE_REMOVED dat=package:com.android.todolist flg=0x4000010 (has extras) } to com.miui.audioeffect/com.android.musicfx.Compatibility$Receiver
39419:01-01 19:57:58.410  1297  1321 W BroadcastQueue: Background execution not allowed: receiving Intent { act=android.intent.action.PACKAGE_REMOVED dat=package:com.android.todolist flg=0x4000010 (has extras) } to com.xiaomi.discover/com.xiaomi.market.data.MyPackageMonitor
39420:01-01 19:57:58.410  1297  1321 W BroadcastQueue: Background execution not allowed: receiving Intent { act=android.intent.action.PACKAGE_REMOVED dat=package:com.android.todolist flg=0x4000010 (has extras) } to com.xiaomi.misettings/.usagestats.AppTimerReceiver
39421:01-01 19:57:58.425  1297  1321 W BroadcastQueue: Background execution not allowed: receiving Intent { act=android.intent.action.PACKAGE_REMOVED dat=package:com.android.todolist flg=0x4000010 (has extras) } to com.xiaomi.xmsf/com.xiaomi.push.service.receivers.PkgUninstallReceiver
39422:01-01 19:57:58.425  1297  1321 W BroadcastQueue: Background execution not allowed: receiving Intent { act=android.intent.action.PACKAGE_REMOVED dat=package:com.android.todolist flg=0x4000010 (has extras) } to com.google.android.apps.photos/com.google.android.libraries.social.peoplekit.thirdparty.viewcontrollers.ThirdPartyReceiver
39423:01-01 19:57:58.425  1297  1321 W BroadcastQueue: Background execution not allowed: receiving Intent { act=android.intent.action.PACKAGE_REMOVED dat=package:com.android.todolist flg=0x4000010 (has extras) } to com.samsung.android.geargplugin/com.samsung.android.gearoplugin.receiver.GearoPluginReceiver
39426:01-01 19:57:58.430  1297  1321 W BroadcastQueue: Background execution not allowed: receiving Intent { act=android.intent.action.PACKAGE_REMOVED dat=package:com.android.todolist flg=0x4000010 (has extras) } to com.vkontakte.android/ru.mail.libverify.utils.PackageStateReceiver
39427:01-01 19:57:58.431  1297  1321 W BroadcastQueue: Background execution not allowed: receiving Intent { act=android.intent.action.PACKAGE_REMOVED dat=package:com.android.todolist flg=0x4000010 (has extras) } to ru.mail.mailapp/ru.mail.libverify.utils.PackageStateReceiver
39428:01-01 19:57:58.431  1297  1321 W BroadcastQueue: Background execution not allowed: receiving Intent { act=android.intent.action.PACKAGE_REMOVED dat=package:com.android.todolist flg=0x4000010 (has extras) } to ru.ok.android/ru.mail.libverify.utils.PackageStateReceiver
39448:01-01 19:58:00.391  1297  1321 W XSpaceManagerService: update XSpace App: packageName:com.android.todolist, user:UserHandle{0}, action:android.intent.action.PACKAGE_REMOVED
39450:01-01 19:58:00.412  1297  1297 I ConditionProviders: Disallowing condition provider com.android.todolist
39806:01-01 20:06:38.741  1297  1336 I InstallationStatistic: com.android.todolist|null|10679|236|12|3821|6469|0
39807:01-01 20:06:38.742  1297  1336 I com.android.server.pm.PackageManagerServiceInjector: MIUILOG-onPackageInstalled: PackageEvent { mTimeStamp=2022-01-01 20:06:38 mAction=Install mPackageName=com.android.todolist mReturnCode=-15 mReturnMsg=installPackageLI mVersionCode=0 mVersionName=mInstallerPkgName=
39842:01-01 20:07:18.774  1297  1336 D PackageManager: updatePermissions, packageName: com.android.todolist, pkg: Package{219475b com.android.todolist}, replaceGrant: true
40016:01-01 20:07:19.008  1297  1336 V BackupManagerService: restoreAtInstall pkg=com.android.todolist token=e5 restoreSet=311ba0638af6726b
40026:01-01 20:07:20.618  1297  1336 I InstallationStatistic: com.android.todolist|null|5072|193|12|2501|455|0
40028:01-01 20:07:20.662  1297  1321 W BroadcastQueue: Background execution not allowed: receiving Intent { act=android.intent.action.PACKAGE_ADDED dat=package:com.android.todolist flg=0x4000010 (has extras) } to com.lbe.security.miui/com.lbe.security.service.BootReceiver
40029:01-01 20:07:20.663  1297  1321 W BroadcastQueue: Background execution not allowed: receiving Intent { act=android.intent.action.PACKAGE_ADDED dat=package:com.android.todolist flg=0x4000010 (has extras) } to com.google.android.packageinstaller/com.android.packageinstaller.PackageInstalledReceiver
40030:01-01 20:07:20.663  1297  1321 W BroadcastQueue: Background execution not allowed: receiving Intent { act=android.intent.action.PACKAGE_ADDED dat=package:com.android.todolist flg=0x4000010 (has extras) } to com.android.settings/.search.provider.UpdateReceiver
40031:01-01 20:07:20.663  1297  1321 W BroadcastQueue: Background execution not allowed: receiving Intent { act=android.intent.action.PACKAGE_ADDED dat=package:com.android.todolist flg=0x4000010 (has extras) } to com.android.vending/com.google.android.finsky.packagemanager.impl.PackageMonitorReceiverImpl$RegisteredReceiver
40032:01-01 20:07:20.663  1297  1321 W BroadcastQueue: Background execution not allowed: receiving Intent { act=android.intent.action.PACKAGE_ADDED dat=package:com.android.todolist flg=0x4000010 (has extras) } to com.facebook.appmanager/com.facebook.oxygen.common.packages.event.manifest.ManifestPackageEventReceiver
40033:01-01 20:07:20.663  1297  1321 W BroadcastQueue: Background execution not allowed: receiving Intent { act=android.intent.action.PACKAGE_ADDED dat=package:com.android.todolist flg=0x4000010 (has extras) } to com.google.android.gms/.games.chimera.GamesSystemBroadcastReceiverProxy
40034:01-01 20:07:20.665  1297  1321 W BroadcastQueue: Background execution not allowed: receiving Intent { act=android.intent.action.PACKAGE_ADDED dat=package:com.android.todolist flg=0x4000010 (has extras) } to com.google.android.gms/.gass.chimera.PackageChangeBroadcastReceiver
40035:01-01 20:07:20.665  1297  1321 W BroadcastQueue: Background execution not allowed: receiving Intent { act=android.intent.action.PACKAGE_ADDED dat=package:com.android.todolist flg=0x4000010 (has extras) } to com.google.android.gms/.chimera.GmsIntentOperationService$PersistentTrustedReceiver
40036:01-01 20:07:20.666  1297  1321 W BroadcastQueue: Background execution not allowed: receiving Intent { act=android.intent.action.PACKAGE_ADDED dat=package:com.android.todolist flg=0x4000010 (has extras) } to com.google.android.googlequicksearchbox/com.google.android.apps.gsa.googlequicksearchbox.GelStubAppWatcher
40037:01-01 20:07:20.666  1297  1321 W BroadcastQueue: Background execution not allowed: receiving Intent { act=android.intent.action.PACKAGE_ADDED dat=package:com.android.todolist flg=0x4000010 (has extras) } to com.google.android.ims/.receivers.RcsAutoStartReceiver
40038:01-01 20:07:20.666  1297  1321 W BroadcastQueue: Background execution not allowed: receiving Intent { act=android.intent.action.PACKAGE_ADDED dat=package:com.android.todolist flg=0x4000010 (has extras) } to com.miui.audioeffect/com.android.musicfx.Compatibility$Receiver
40039:01-01 20:07:20.666  1297  1321 W BroadcastQueue: Background execution not allowed: receiving Intent { act=android.intent.action.PACKAGE_ADDED dat=package:com.android.todolist flg=0x4000010 (has extras) } to com.miui.global.packageinstaller/.AppInstalledReceiver
40040:01-01 20:07:20.666  1297  1321 W BroadcastQueue: Background execution not allowed: receiving Intent { act=android.intent.action.PACKAGE_ADDED dat=package:com.android.todolist flg=0x4000010 (has extras) } to com.xiaomi.discover/com.xiaomi.market.data.MyPackageMonitor
40041:01-01 20:07:20.666  1297  1321 W BroadcastQueue: Background execution not allowed: receiving Intent { act=android.intent.action.PACKAGE_ADDED dat=package:com.android.todolist flg=0x4000010 (has extras) } to com.xiaomi.misettings/.usagestats.AppTimerReceiver
40042:01-01 20:07:20.666  1297  1321 W BroadcastQueue: Background execution not allowed: receiving Intent { act=android.intent.action.PACKAGE_ADDED dat=package:com.android.todolist flg=0x4000010 (has extras) } to com.samsung.android.geargplugin/com.samsung.android.gearoplugin.receiver.SafetyReceiver
40049:01-01 20:07:20.798  1297  1457 I MiuiCompatModePackages: package com.android.todolist updated, removing config
40081:01-01 20:07:21.364  1297  1321 W XSpaceManagerService: update XSpace App: packageName:com.android.todolist, user:UserHandle{0}, action:android.intent.action.PACKAGE_ADDED
40314:01-01 20:14:22.819  1297  1683 I ActivityTaskManager: START u0 {act=android.intent.action.MAIN cat=[android.intent.category.LAUNCHER] flg=0x10200000 cmp=com.android.todolist/.MainActivity bnds=[583,481][764,662] (has extras)} from uid 10085
40321:01-01 20:14:23.058  1297  1322 D Boost   : hostingType=activity, hostingName={com.android.todolist/com.android.todolist.MainActivity}, callerPackage=com.miui.home, isSystem=true, isBoostNeeded=false.
40322:01-01 20:14:23.060  1297  1322 I ActivityManager: Start proc 11884:com.android.todolist/u0a290 for activity {com.android.todolist/com.android.todolist.MainActivity} caller=com.miui.home
40392:01-01 20:14:24.121 11884 11884 W Looper  : Slow Looper main: Activity com.android.todolist/.MainActivity is 399ms late (wall=480ms running=366ms ClientTransaction{ callbacks=[android.app.servertransaction.LaunchActivityItem] lifecycleRequest=android.app.servertransaction.ResumeActivityItem }) because of 1 msg, msg 1 took 438ms (seq=2 running=284ms runnable=39ms io=33ms late=6ms h=android.app.ActivityThread$H w=110)
40393:01-01 20:14:24.122 11884 11884 W Looper  : Slow Looper main: Activity com.android.todolist/.MainActivity is 880ms late (wall=0ms running=0ms ClientTransaction{ callbacks=[android.app.servertransaction.TopResumedActivityChangeItem] }) because of 2 msg, msg 1 took 438ms (seq=2 running=284ms runnable=39ms io=33ms late=6ms h=android.app.ActivityThread$H w=110), msg 2 took 480ms (seq=3 running=366ms runnable=31ms io=36ms late=399ms h=android.app.ActivityThread$H w=159)
40395:01-01 20:14:24.156  1297  4174 I WindowManager: Relayout Window{3631618 u0 com.android.todolist/com.android.todolist.MainActivity}: oldVis=4 newVis=0 focusMayChange = true
40408:01-01 20:14:24.598  1297  1315 I Timeline: Timeline: Activity_windows_visible id: ActivityRecord{77d0070 u0 com.android.todolist/.MainActivity t2931} time:1993927322
40531:01-01 20:14:34.217  1297  3804 D com.android.server.pm.PackageManagerServiceInjector: FirstUseActivity packageName = com.android.todolist is compiled using filter = speed-profile, success = true
40544:01-01 20:14:38.290  1297  1309 D PerfShielderService: com.android.todolist|com.android.todolist/com.android.todolist.MainActivity|313|1993939535191693|141|3|10
40545:01-01 20:14:38.502  3019 22653 W MiuiPerfServiceClient: interceptAndQueuing:11884|com.android.todolist|313|141|unknown|null|com.android.todolist/com.android.todolist.MainActivity|1993939535191693|Slow handle traversal|10
40764:01-01 20:24:53.397  1297  1677 I WindowManager: Relayout Window{3631618 u0 com.android.todolist/com.android.todolist.MainActivity}: oldVis=4 newVis=0 focusMayChange = true
40809:01-01 20:24:53.728  1297  1315 I Timeline: Timeline: Activity_windows_visible id: ActivityRecord{77d0070 u0 com.android.todolist/.MainActivity t2931} time:1994556453
58697:01-01 20:27:32.613  1297  4245 D PowerHalWrapper: amsBoostNotify pid:1503,activity:com.android.systemui.recents.RecentsActivity, package:com.android.systemui, mProcessCreatePackcom.android.todolist 
58984:01-01 20:27:33.563  1297  3087 D PowerHalWrapper: amsBoostNotify pid:11884,activity:com.android.todolist.MainActivity, package:com.android.todolist, mProcessCreatePackcom.android.todolist 
58985:01-01 20:27:33.563   524   573 I libPowerHal: [perfNotifyAppState] foreground:com.android.todolist, pid:11884, uid:10290
58987:01-01 20:27:33.563   524   573 I powerd  : [powerd_req] POWER_MSG_NOTIFY_STATE, pc:0, com.android.systemui => com.android.todolist
58988:01-01 20:27:33.565  8801 25873 I GST     : forePkg: com.android.todolist, preForePkg: com.android.systemui
58989:01-01 20:27:33.565 13807 24998 I ProcessMonitor: onForegroundInfoChanged: ForegroundInfo{mForegroundPackageName='com.android.todolist', mForegroundUid=10290, mForegroundPid=11884, mLastForegroundPackageName='com.android.systemui', mLastForegroundUid=1000, mLastForegroundPid=1503, mMultiWindowForegroundPackageName='null', mMultiWindowForegroundUid=-1, mFlags=0}
58990:01-01 20:27:33.565 13807 24998 I GameBoosterService: onForegroundInfoChanged: Cur=com.android.todolist	 last=com.android.systemui
58991:01-01 20:27:33.566 13807 24998 D GameBoosterService: onGameStatusChange foreground:ForegroundInfo{mForegroundPackageName='com.android.todolist', mForegroundUid=10290, mForegroundPid=11884, mLastForegroundPackageName='com.android.systemui', mLastForegroundUid=1000, mLastForegroundPid=1503, mMultiWindowForegroundPackageName='null', mMultiWindowForegroundUid=-1, mFlags=0}
59014:01-01 20:27:33.603  1297  4246 I WindowManager: Relayout Window{3631618 u0 com.android.todolist/com.android.todolist.MainActivity}: oldVis=4 newVis=0 focusMayChange = true
59018:01-01 20:27:33.605   555   609 I BufferQueueConsumer: [com.android.todolist/com.android.todolist.MainActivity#0](this:0x7334f9f000,id:47692,api:0,p:-1,c:555) setConsumerName: com.android.todolist/com.android.todolist.MainActivity#0
59019:01-01 20:27:33.605   555   609 I BufferQueueConsumer: [com.android.todolist/com.android.todolist.MainActivity#0](this:0x7334f9f000,id:47692,api:0,p:-1,c:555) setDefaultBufferSize: width=1080 height=2340
59025:01-01 20:27:33.613   555   609 I BufferQueueProducer: [com.android.todolist/com.android.todolist.MainActivity#0](this:0x7334f9f000,id:47692,api:1,p:11884,c:555) connect(P): api=1 producer=(11884:com.android.todolist) producerControlledByApp=false
59035:01-01 20:27:33.631   555  1499 I BufferQueueConsumer: [thumbnail anim: AppWindowToken{84c6d88 token=Token{272b52b ActivityRecord{77d0070 u0 com.android.todolist/.MainActivity t2931}}}#0](this:0x733c92a000,id:47693,api:0,p:-1,c:555) setConsumerName: thumbnail anim: AppWindowToken{84c6d88 token=Token{272b52b ActivityRecord{77d0070 u0 com.android.todolist/.MainActivity t2931}}}#0
59036:01-01 20:27:33.631   555  1499 I BufferQueueConsumer: [thumbnail anim: AppWindowToken{84c6d88 token=Token{272b52b ActivityRecord{77d0070 u0 com.android.todolist/.MainActivity t2931}}}#0](this:0x733c92a000,id:47693,api:0,p:-1,c:555) setDefaultBufferSize: width=468 height=110
59038:01-01 20:27:33.632   555   608 I BufferQueueProducer: [thumbnail anim: AppWindowToken{84c6d88 token=Token{272b52b ActivityRecord{77d0070 u0 com.android.todolist/.MainActivity t2931}}}#0](this:0x733c92a000,id:47693,api:2,p:1297,c:555) connect(P): api=2 producer=(1297:system_server) producerControlledByApp=false
59040:01-01 20:27:33.635   555   608 I BufferQueueProducer: [thumbnail anim: AppWindowToken{84c6d88 token=Token{272b52b ActivityRecord{77d0070 u0 com.android.todolist/.MainActivity t2931}}}#0](this:0x733c92a000,id:47693,api:2,p:1297,c:555) disconnect(P): api 2
59061:01-01 20:27:33.968  1297  1315 I Timeline: Timeline: Activity_windows_visible id: ActivityRecord{77d0070 u0 com.android.todolist/.MainActivity t2931} time:1994716692
59063:01-01 20:27:33.981   555   555 I BufferQueue: [thumbnail anim: AppWindowToken{84c6d88 token=Token{272b52b ActivityRecord{77d0070 u0 com.android.todolist/.MainActivity t2931}}}#0](this:0x733c92a000,id:47693,api:2,p:-1,c:-1) ~BufferQueueCore
59110:01-01 20:27:35.305   555   608 I BufferQueueProducer: [com.android.todolist/com.android.todolist.MainActivity#0](this:0x7334f9f000,id:47692,api:1,p:11884,c:555) queueBuffer: fps=2.39 dur=1670.79 max=1579.97 min=9.34
59213:01-01 20:27:39.610  1297  3804 D com.android.server.pm.PackageManagerServiceInjector: Skip dexopt on: /data/user/0/com.google.android.youtube/cache/1633031840514.jar, because com.google.android.youtube is not current resumed. Current resumed is: com.android.todolist
61193:01-01 20:30:09.834 11884 11884 D ForceDarkHelper: updateByCheckExcludeList: pkg: com.android.todolist activity: com.android.todolist.MainActivity@7b0ac91
61194:01-01 20:30:09.837 11884 11884 D ForceDarkHelper: updateByCheckExcludeList: pkg: com.android.todolist activity: com.android.todolist.MainActivity@7b0ac91
61195:01-01 20:30:09.840   555  2267 I BufferQueueProducer: [com.android.todolist/com.android.todolist.MainActivity#0](this:0x7334f9f000,id:47692,api:1,p:11884,c:555) queueBuffer: fps=0.10 dur=154534.57 max=154285.79 min=15.33
61202:01-01 20:30:10.079   555  1176 I BufferQueueConsumer: [com.android.todolist/com.android.todolist.MainActivity#1](this:0x733e351800,id:47694,api:0,p:-1,c:555) setConsumerName: com.android.todolist/com.android.todolist.MainActivity#1
61203:01-01 20:30:10.079   555  1176 I BufferQueueConsumer: [com.android.todolist/com.android.todolist.MainActivity#1](this:0x733e351800,id:47694,api:0,p:-1,c:555) setDefaultBufferSize: width=177 height=177
61204:01-01 20:30:10.085   555  1176 I BufferQueueConsumer: [com.android.todolist/com.android.todolist.MainActivity#1](this:0x733e351800,id:47694,api:0,p:-1,c:555) setDefaultBufferSize: width=1200 height=771
61206:01-01 20:30:10.094   555  1176 I BufferQueueProducer: [com.android.todolist/com.android.todolist.MainActivity#1](this:0x733e351800,id:47694,api:1,p:11884,c:555) connect(P): api=1 producer=(11884:com.android.todolist) producerControlledByApp=false
61233:01-01 20:30:11.638   555  2267 I BufferQueueProducer: [com.android.todolist/com.android.todolist.MainActivity#1](this:0x733e351800,id:47694,api:1,p:11884,c:555) queueBuffer: fps=1.97 dur=1520.24 max=1474.19 min=21.87
61273:01-01 20:30:16.111   555   608 I BufferQueueProducer: [com.android.todolist/com.android.todolist.MainActivity#1](this:0x733e351800,id:47694,api:1,p:11884,c:555) queueBuffer: fps=3.80 dur=4473.01 max=4201.46 min=10.21
61278:01-01 20:30:16.185 11884 11884 D ForceDarkHelper: updateByCheckExcludeList: pkg: com.android.todolist activity: com.android.todolist.MainActivity@7b0ac91
61286:01-01 20:30:16.235 23765 23765 I AndroidIME: AbstractIme.onActivate():86 LatinIme.onActivate() : EditorInfo = inputType=Text imeActionName=DONE dump=[inputType=0x61 imeOptions=0x6 privateImeOptions=null actionLabel=null actionId=0 initialSelStart=0 initialSelEnd=0 initialCapsMode=0x0 hintText=Name list label=null packageName=com.android.todolist fieldId=2131230821 fieldName=null extras=null hintLocales=null contentMimeTypes=null ], IncognitoMode = false, DeviceLocked = false
61343:01-01 20:30:16.458 30696 30781 W okv     : Infinite Data has no result for com.android.todolist [CONTEXT service_id=177 ]
61344:01-01 20:30:16.486   555  1176 I BufferQueueProducer: [com.android.todolist/com.android.todolist.MainActivity#0](this:0x7334f9f000,id:47692,api:1,p:11884,c:555) queueBuffer: fps=3.76 dur=6646.22 max=6192.72 min=10.04
61345:01-01 20:30:16.493 30696 13041 W okv     : Infinite Data has no result for com.android.todolist [CONTEXT service_id=177 ]
61358:01-01 20:30:17.175   555   608 I BufferQueueProducer: [com.android.todolist/com.android.todolist.MainActivity#1](this:0x733e351800,id:47694,api:1,p:11884,c:555) queueBuffer: fps=3.76 dur=1064.05 max=498.44 min=27.34
61369:01-01 20:30:18.062   555  2267 I BufferQueueProducer: [com.android.todolist/com.android.todolist.MainActivity#0](this:0x7334f9f000,id:47692,api:1,p:11884,c:555) queueBuffer: fps=1.27 dur=1575.82 max=1571.81 min=4.00
61375:01-01 20:30:18.302   555   608 I BufferQueueProducer: [com.android.todolist/com.android.todolist.MainActivity#1](this:0x733e351800,id:47694,api:1,p:11884,c:555) queueBuffer: fps=4.44 dur=1126.47 max=517.50 min=35.72
61417:01-01 20:30:19.511   555  1176 I BufferQueueProducer: [com.android.todolist/com.android.todolist.MainActivity#1](this:0x733e351800,id:47694,api:1,p:11884,c:555) queueBuffer: fps=2.48 dur=1209.47 max=500.18 min=212.34
61421:01-01 20:30:20.163   555  2267 I BufferQueueProducer: [com.android.todolist/com.android.todolist.MainActivity#0](this:0x7334f9f000,id:47692,api:1,p:11884,c:555) queueBuffer: fps=8.57 dur=2100.86 max=1568.91 min=5.01
61429:01-01 20:30:20.511   555  1176 I BufferQueueProducer: [com.android.todolist/com.android.todolist.MainActivity#1](this:0x733e351800,id:47694,api:1,p:11884,c:555) queueBuffer: fps=2.00 dur=1000.20 max=503.14 min=497.07
61441:01-01 20:30:21.514   555  2267 I BufferQueueProducer: [com.android.todolist/com.android.todolist.MainActivity#1](this:0x733e351800,id:47694,api:1,p:11884,c:555) queueBuffer: fps=1.99 dur=1002.59 max=502.37 min=500.22
61452:01-01 20:30:22.514   555  1176 I BufferQueueProducer: [com.android.todolist/com.android.todolist.MainActivity#1](this:0x733e351800,id:47694,api:1,p:11884,c:555) queueBuffer: fps=2.00 dur=1000.11 max=500.32 min=499.79
61464:01-01 20:30:23.334   555  2267 I BufferQueueProducer: [com.android.todolist/com.android.todolist.MainActivity#1](this:0x733e351800,id:47694,api:1,p:11884,c:555) disconnect(P): api 1
61472:01-01 20:30:23.349  1297  4247 E InputDispatcher: Window handle Window{5495379 u0 com.android.todolist/com.android.todolist.MainActivity} has no registered input channel
61473:01-01 20:30:23.354 11884 11884 D ForceDarkHelper: updateByCheckExcludeList: pkg: com.android.todolist activity: com.android.todolist.MainActivity@7b0ac91
61474:01-01 20:30:23.355 11884 11884 I chatty  : uid=10290(com.android.todolist) identical 1 line
61475:01-01 20:30:23.358 11884 11884 D ForceDarkHelper: updateByCheckExcludeList: pkg: com.android.todolist activity: com.android.todolist.MainActivity@7b0ac91
61476:01-01 20:30:23.380   555   608 I BufferQueueProducer: [com.android.todolist/com.android.todolist.MainActivity#0](this:0x7334f9f000,id:47692,api:1,p:11884,c:555) queueBuffer: fps=4.97 dur=3217.30 max=2967.49 min=16.00
61480:01-01 20:30:23.522   555   555 I BufferQueue: [com.android.todolist/com.android.todolist.MainActivity#1](this:0x733e351800,id:47694,api:1,p:-1,c:-1) ~BufferQueueCore
61489:01-01 20:30:24.976   555  2267 I BufferQueueProducer: [com.android.todolist/com.android.todolist.MainActivity#0](this:0x7334f9f000,id:47692,api:1,p:11884,c:555) queueBuffer: fps=6.89 dur=1596.47 max=1445.13 min=6.13
63278:01-01 20:33:26.254  1297  1414 D PowerHalWrapper: <amsBoostResume> last:com.android.todolist, next:com.miui.home 
63279:01-01 20:33:26.255  1297  1414 D PowerHalWrapper: amsBoostNotify pid:20438,activity:com.miui.home.launcher.Launcher, package:com.miui.home, mProcessCreatePackcom.android.todolist 
63283:01-01 20:33:26.256   524   573 I powerd  : [powerd_req] POWER_MSG_NOTIFY_STATE, pc:0, com.android.todolist => com.miui.home
63284:01-01 20:33:26.258 13807 15100 I ProcessMonitor: onForegroundInfoChanged: ForegroundInfo{mForegroundPackageName='com.miui.home', mForegroundUid=10085, mForegroundPid=20438, mLastForegroundPackageName='com.android.todolist', mLastForegroundUid=10290, mLastForegroundPid=11884, mMultiWindowForegroundPackageName='null', mMultiWindowForegroundUid=-1, mFlags=0}
63285:01-01 20:33:26.258 13807 15100 I GameBoosterService: onForegroundInfoChanged: Cur=com.miui.home	 last=com.android.todolist
63286:01-01 20:33:26.259 13807 15100 D GameBoosterService: onGameStatusChange foreground:ForegroundInfo{mForegroundPackageName='com.miui.home', mForegroundUid=10085, mForegroundPid=20438, mLastForegroundPackageName='com.android.todolist', mLastForegroundUid=10290, mLastForegroundPid=11884, mMultiWindowForegroundPackageName='null', mMultiWindowForegroundUid=-1, mFlags=0}
63288:01-01 20:33:26.261  8801 25873 I GST     : forePkg: com.miui.home, preForePkg: com.android.todolist
63305:01-01 20:33:26.305   555  2267 I BufferQueueProducer: [com.android.todolist/com.android.todolist.MainActivity#0](this:0x7334f9f000,id:47692,api:1,p:11884,c:555) queueBuffer: fps=0.09 dur=181328.83 max=181088.75 min=11.19
63423:01-01 20:33:26.530   555  1176 I BufferQueueConsumer: [thumbnail anim: AppWindowToken{84c6d88 token=Token{272b52b ActivityRecord{77d0070 u0 com.android.todolist/.MainActivity t2931}}}#0](this:0x733e351800,id:47698,api:0,p:-1,c:555) setConsumerName: thumbnail anim: AppWindowToken{84c6d88 token=Token{272b52b ActivityRecord{77d0070 u0 com.android.todolist/.MainActivity t2931}}}#0
63424:01-01 20:33:26.530   555  1176 I BufferQueueConsumer: [thumbnail anim: AppWindowToken{84c6d88 token=Token{272b52b ActivityRecord{77d0070 u0 com.android.todolist/.MainActivity t2931}}}#0](this:0x733e351800,id:47698,api:0,p:-1,c:555) setDefaultBufferSize: width=168 height=168
63426:01-01 20:33:26.532   555  1499 I BufferQueueProducer: [thumbnail anim: AppWindowToken{84c6d88 token=Token{272b52b ActivityRecord{77d0070 u0 com.android.todolist/.MainActivity t2931}}}#0](this:0x733e351800,id:47698,api:2,p:1297,c:555) connect(P): api=2 producer=(1297:system_server) producerControlledByApp=false
63429:01-01 20:33:26.533   555  1499 I BufferQueueProducer: [thumbnail anim: AppWindowToken{84c6d88 token=Token{272b52b ActivityRecord{77d0070 u0 com.android.todolist/.MainActivity t2931}}}#0](this:0x733e351800,id:47698,api:2,p:1297,c:555) disconnect(P): api 2
63432:01-01 20:33:26.560   555   555 I SurfaceFlinger: screenshot (com.android.todolist/com.android.todolist.MainActivity#0)
63479:01-01 20:33:26.862   555   555 I BufferQueue: [thumbnail anim: AppWindowToken{84c6d88 token=Token{272b52b ActivityRecord{77d0070 u0 com.android.todolist/.MainActivity t2931}}}#0](this:0x733e351800,id:47698,api:2,p:-1,c:-1) ~BufferQueueCore
63480:01-01 20:33:26.864   555   608 I BufferQueueProducer: [com.android.todolist/com.android.todolist.MainActivity#0](this:0x7334f9f000,id:47692,api:1,p:11884,c:555) disconnect(P): api 1
63485:01-01 20:33:26.934   555   555 I BufferQueue: [com.android.todolist/com.android.todolist.MainActivity#0](this:0x7334f9f000,id:47692,api:1,p:-1,c:-1) ~BufferQueueCore
63652:01-01 20:33:28.029  1297  3030 D PowerHalWrapper: amsBoostNotify pid:18278,activity:com.google.android.apps.chrome.Main, package:com.android.chrome, mProcessCreatePackcom.android.todolist 
83385:01-01 20:48:33.818  1297  4249 D PowerHalWrapper: amsBoostNotify pid:1503,activity:com.android.systemui.recents.RecentsActivity, package:com.android.systemui, mProcessCreatePackcom.android.todolist 
83681:01-01 20:48:34.935  1297  1309 D PowerHalWrapper: amsBoostNotify pid:11884,activity:com.android.todolist.MainActivity, package:com.android.todolist, mProcessCreatePackcom.android.todolist 
83682:01-01 20:48:34.936   524   573 I libPowerHal: [perfNotifyAppState] foreground:com.android.todolist, pid:11884, uid:10290
83684:01-01 20:48:34.936   524   573 I powerd  : [powerd_req] POWER_MSG_NOTIFY_STATE, pc:0, com.android.systemui => com.android.todolist
83685:01-01 20:48:34.938 13807 25055 I ProcessMonitor: onForegroundInfoChanged: ForegroundInfo{mForegroundPackageName='com.android.todolist', mForegroundUid=10290, mForegroundPid=11884, mLastForegroundPackageName='com.android.systemui', mLastForegroundUid=1000, mLastForegroundPid=1503, mMultiWindowForegroundPackageName='null', mMultiWindowForegroundUid=-1, mFlags=0}
83686:01-01 20:48:34.938 13807 25055 I GameBoosterService: onForegroundInfoChanged: Cur=com.android.todolist	 last=com.android.systemui
83687:01-01 20:48:34.938  8801 25873 I GST     : forePkg: com.android.todolist, preForePkg: com.android.systemui
83688:01-01 20:48:34.939 13807 25055 D GameBoosterService: onGameStatusChange foreground:ForegroundInfo{mForegroundPackageName='com.android.todolist', mForegroundUid=10290, mForegroundPid=11884, mLastForegroundPackageName='com.android.systemui', mLastForegroundUid=1000, mLastForegroundPid=1503, mMultiWindowForegroundPackageName='null', mMultiWindowForegroundUid=-1, mFlags=0}
83712:01-01 20:48:34.970  1297  1309 I WindowManager: Relayout Window{3631618 u0 com.android.todolist/com.android.todolist.MainActivity}: oldVis=8 newVis=0 focusMayChange = true
83718:01-01 20:48:34.973   555   608 I BufferQueueConsumer: [com.android.todolist/com.android.todolist.MainActivity#0](this:0x733c939800,id:47719,api:0,p:-1,c:555) setConsumerName: com.android.todolist/com.android.todolist.MainActivity#0
83719:01-01 20:48:34.973   555   608 I BufferQueueConsumer: [com.android.todolist/com.android.todolist.MainActivity#0](this:0x733c939800,id:47719,api:0,p:-1,c:555) setDefaultBufferSize: width=1080 height=2340
83724:01-01 20:48:35.010   555   608 I BufferQueueProducer: [com.android.todolist/com.android.todolist.MainActivity#0](this:0x733c939800,id:47719,api:1,p:11884,c:555) connect(P): api=1 producer=(11884:com.android.todolist) producerControlledByApp=false
83731:01-01 20:48:35.019   555   608 I BufferQueueConsumer: [thumbnail anim: AppWindowToken{84c6d88 token=Token{272b52b ActivityRecord{77d0070 u0 com.android.todolist/.MainActivity t2931}}}#0](this:0x733bac5000,id:47720,api:0,p:-1,c:555) setConsumerName: thumbnail anim: AppWindowToken{84c6d88 token=Token{272b52b ActivityRecord{77d0070 u0 com.android.todolist/.MainActivity t2931}}}#0
83732:01-01 20:48:35.019   555   608 I BufferQueueConsumer: [thumbnail anim: AppWindowToken{84c6d88 token=Token{272b52b ActivityRecord{77d0070 u0 com.android.todolist/.MainActivity t2931}}}#0](this:0x733bac5000,id:47720,api:0,p:-1,c:555) setDefaultBufferSize: width=468 height=110
83734:01-01 20:48:35.021   555   608 I BufferQueueProducer: [thumbnail anim: AppWindowToken{84c6d88 token=Token{272b52b ActivityRecord{77d0070 u0 com.android.todolist/.MainActivity t2931}}}#0](this:0x733bac5000,id:47720,api:2,p:1297,c:555) connect(P): api=2 producer=(1297:system_server) producerControlledByApp=false
83736:01-01 20:48:35.024   555  1176 I BufferQueueProducer: [thumbnail anim: AppWindowToken{84c6d88 token=Token{272b52b ActivityRecord{77d0070 u0 com.android.todolist/.MainActivity t2931}}}#0](this:0x733bac5000,id:47720,api:2,p:1297,c:555) disconnect(P): api 2
83759:01-01 20:48:35.379  1297  1315 I Timeline: Timeline: Activity_windows_visible id: ActivityRecord{77d0070 u0 com.android.todolist/.MainActivity t2931} time:1995978103
83766:01-01 20:48:35.395   555   555 I BufferQueue: [thumbnail anim: AppWindowToken{84c6d88 token=Token{272b52b ActivityRecord{77d0070 u0 com.android.todolist/.MainActivity t2931}}}#0](this:0x733bac5000,id:47720,api:2,p:-1,c:-1) ~BufferQueueCore
83805:01-01 20:48:36.700   555   608 I BufferQueueProducer: [com.android.todolist/com.android.todolist.MainActivity#0](this:0x733c939800,id:47719,api:1,p:11884,c:555) queueBuffer: fps=2.42 dur=1653.78 max=1578.94 min=9.35
84317:01-01 20:49:22.843 11884 11884 D ForceDarkHelper: updateByCheckExcludeList: pkg: com.android.todolist activity: com.android.todolist.MainActivity@7b0ac91
84319:01-01 20:49:22.874  1297  1674 I ActivityTaskManager: START u0 {cmp=com.android.todolist/.ListActivity (has extras)} from uid 10290
84320:01-01 20:49:22.852 11884 11884 D ForceDarkHelper: updateByCheckExcludeList: pkg: com.android.todolist activity: com.android.todolist.MainActivity@7b0ac91
84335:01-01 20:49:22.887  1297  1674 D PowerHalWrapper: <amsBoostResume> last:com.android.todolist, next:com.android.todolist 
84337:01-01 20:49:22.900 11884 11884 I Toast   : Show toast from OpPackageName:com.android.todolist, PackageName:com.android.todolist
84349:01-01 20:49:22.906  1297  1674 D PowerHalWrapper: amsBoostNotify pid:11884,activity:com.android.todolist.ListActivity, package:com.android.todolist, mProcessCreatePackcom.android.todolist 
84360:01-01 20:49:22.928   555   608 I BufferQueueProducer: [Toast#0](this:0x733c985000,id:47721,api:1,p:11884,c:555) connect(P): api=1 producer=(11884:com.android.todolist) producerControlledByApp=false
84369:01-01 20:49:23.123 11884 11884 D ForceDarkHelper: updateByCheckExcludeList: pkg: com.android.todolist activity: com.android.todolist.ListActivity@178eb99
84370:01-01 20:49:23.157 11884 11884 I chatty  : uid=10290(com.android.todolist) identical 4 lines
84371:01-01 20:49:23.158 11884 11884 D ForceDarkHelper: updateByCheckExcludeList: pkg: com.android.todolist activity: com.android.todolist.ListActivity@178eb99
84373:01-01 20:49:23.177 11884 11884 D ForceDarkHelper: updateByCheckExcludeList: pkg: com.android.todolist activity: com.android.todolist.ListActivity@178eb99
84374:01-01 20:49:23.179 11884 11884 I chatty  : uid=10290(com.android.todolist) identical 1 line
84375:01-01 20:49:23.183 11884 11884 D ForceDarkHelper: updateByCheckExcludeList: pkg: com.android.todolist activity: com.android.todolist.ListActivity@178eb99
84377:01-01 20:49:23.217 11884 11884 W Looper  : Slow Looper main: Activity com.android.todolist/.ListActivity is 311ms late (wall=0ms running=0ms ClientTransaction{ callbacks=[android.app.servertransaction.TopResumedActivityChangeItem] }) because of 7 msg, msg 3 took 196ms (seq=627 running=7ms runnable=1ms io=5ms late=6ms h=android.view.Choreographer$FrameHandler c=android.view.Choreographer$FrameDisplayEventReceiver), msg 7 took 110ms (seq=631 running=87ms runnable=5ms io=8ms late=201ms h=android.app.ActivityThread$H w=159)
84378:01-01 20:49:23.236  1297  4239 I WindowManager: Relayout Window{27a160e u0 com.android.todolist/com.android.todolist.ListActivity}: oldVis=4 newVis=0 focusMayChange = true
84382:01-01 20:49:23.237   555  2267 I BufferQueueConsumer: [com.android.todolist/com.android.todolist.ListActivity#0](this:0x733e3a7800,id:47722,api:0,p:-1,c:555) setConsumerName: com.android.todolist/com.android.todolist.ListActivity#0
84383:01-01 20:49:23.237   555  2267 I BufferQueueConsumer: [com.android.todolist/com.android.todolist.ListActivity#0](this:0x733e3a7800,id:47722,api:0,p:-1,c:555) setDefaultBufferSize: width=1 height=1
84384:01-01 20:49:23.240   555  1499 I BufferQueueConsumer: [com.android.todolist/com.android.todolist.ListActivity#0](this:0x733e3a7800,id:47722,api:0,p:-1,c:555) setDefaultBufferSize: width=1080 height=2340
84388:01-01 20:49:23.246   555  1499 I BufferQueueProducer: [com.android.todolist/com.android.todolist.ListActivity#0](this:0x733e3a7800,id:47722,api:1,p:11884,c:555) connect(P): api=1 producer=(11884:com.android.todolist) producerControlledByApp=false
84392:01-01 20:49:23.270   555  2267 I BufferQueueProducer: [com.android.todolist/com.android.todolist.MainActivity#0](this:0x733c939800,id:47719,api:1,p:11884,c:555) queueBuffer: fps=0.34 dur=46570.89 max=46328.35 min=10.51
84403:01-01 20:49:23.784  1297  1315 I Timeline: Timeline: Activity_windows_visible id: ActivityRecord{146995e u0 com.android.todolist/.ListActivity t2931} time:1996026508
84412:01-01 20:49:23.791   555   608 I BufferQueueProducer: [com.android.todolist/com.android.todolist.MainActivity#0](this:0x733c939800,id:47719,api:1,p:11884,c:555) disconnect(P): api 1
84413:01-01 20:49:23.856   555   555 I BufferQueue: [com.android.todolist/com.android.todolist.MainActivity#0](this:0x733c939800,id:47719,api:1,p:-1,c:-1) ~BufferQueueCore
84426:01-01 20:49:24.845   555  1499 I BufferQueueProducer: [com.android.todolist/com.android.todolist.ListActivity#0](this:0x733e3a7800,id:47722,api:1,p:11884,c:555) queueBuffer: fps=1.90 dur=1579.78 max=1529.34 min=7.72
84430:01-01 20:49:24.885  1297  1674 W NotificationService: Toast already killed. pkg=com.android.todolist callback=android.app.ITransientNotification$Stub$Proxy@6a52b1f
84502:01-01 20:49:33.134   555  1499 I BufferQueueProducer: [com.android.todolist/com.android.todolist.ListActivity#0](this:0x733e3a7800,id:47722,api:1,p:11884,c:555) queueBuffer: fps=1.93 dur=8288.80 max=8040.29 min=14.84
84518:01-01 20:49:33.241 23765 23765 I AndroidIME: AbstractIme.onActivate():86 LatinIme.onActivate() : EditorInfo = inputType=Text imeActionName=DONE dump=[inputType=0x61 imeOptions=0x6 privateImeOptions=null actionLabel=null actionId=0 initialSelStart=0 initialSelEnd=0 initialCapsMode=0x0 hintText=New task label=null packageName=com.android.todolist fieldId=2131230877 fieldName=null extras=null hintLocales=null contentMimeTypes=null ], IncognitoMode = false, DeviceLocked = false
84551:01-01 20:49:33.400 30696 30781 W okv     : Infinite Data has no result for com.android.todolist [CONTEXT service_id=177 ]
84555:01-01 20:49:33.417 30696 30782 W okv     : Infinite Data has no result for com.android.todolist [CONTEXT service_id=177 ]
84611:01-01 20:49:34.167   555   608 I BufferQueueProducer: [com.android.todolist/com.android.todolist.ListActivity#0](this:0x733e3a7800,id:47722,api:1,p:11884,c:555) queueBuffer: fps=15.48 dur=1033.50 max=498.13 min=4.71
84622:01-01 20:49:35.190   555   608 I BufferQueueProducer: [com.android.todolist/com.android.todolist.ListActivity#0](this:0x733e3a7800,id:47722,api:1,p:11884,c:555) queueBuffer: fps=1.96 dur=1022.82 max=519.90 min=502.91
84641:01-01 20:49:36.229   555   609 I BufferQueueProducer: [com.android.todolist/com.android.todolist.ListActivity#0](this:0x733e3a7800,id:47722,api:1,p:11884,c:555) queueBuffer: fps=3.85 dur=1038.81 max=367.25 min=185.27
84665:01-01 20:49:37.422   555   608 I BufferQueueProducer: [com.android.todolist/com.android.todolist.ListActivity#0](this:0x733e3a7800,id:47722,api:1,p:11884,c:555) queueBuffer: fps=2.51 dur=1193.54 max=501.12 min=202.77
84677:01-01 20:49:37.447 23765 23765 I AndroidIME: AbstractIme.onActivate():86 PasswordIme.onActivate() : EditorInfo = inputType=Text imeActionName=UNSPECIFIED dump=[inputType=0x0 imeOptions=0x0 privateImeOptions=null actionLabel=null actionId=0 initialSelStart=-1 initialSelEnd=-1 initialCapsMode=0x0 hintText=null label=null packageName=com.android.todolist fieldId=2131230904 fieldName=null extras=null hintLocales=null contentMimeTypes=null ], IncognitoMode = false, DeviceLocked = false
84712:01-01 20:49:38.303  1297  4239 I ActivityTaskManager: START u0 {cmp=com.android.todolist/.MainActivity} from uid 10290
84726:01-01 20:49:38.310  1297  4239 D PowerHalWrapper: <amsBoostResume> last:com.android.todolist, next:com.android.todolist 
84739:01-01 20:49:38.323  1297  4239 D PowerHalWrapper: amsBoostNotify pid:11884,activity:com.android.todolist.MainActivity, package:com.android.todolist, mProcessCreatePackcom.android.todolist 
84742:01-01 20:49:38.338 11884 11884 D ForceDarkHelper: updateByCheckExcludeList: pkg: com.android.todolist activity: com.android.todolist.MainActivity@bbf5b4e
84743:01-01 20:49:38.373 11884 11884 I chatty  : uid=10290(com.android.todolist) identical 15 lines
84744:01-01 20:49:38.375 11884 11884 D ForceDarkHelper: updateByCheckExcludeList: pkg: com.android.todolist activity: com.android.todolist.MainActivity@bbf5b4e
84746:01-01 20:49:38.416 11884 11884 D ForceDarkHelper: updateByCheckExcludeList: pkg: com.android.todolist activity: com.android.todolist.MainActivity@bbf5b4e
84747:01-01 20:49:38.417 11884 11884 I chatty  : uid=10290(com.android.todolist) identical 1 line
84748:01-01 20:49:38.419 11884 11884 D ForceDarkHelper: updateByCheckExcludeList: pkg: com.android.todolist activity: com.android.todolist.MainActivity@bbf5b4e
84749:01-01 20:49:38.423   555  2267 I BufferQueueProducer: [com.android.todolist/com.android.todolist.ListActivity#0](this:0x733e3a7800,id:47722,api:1,p:11884,c:555) queueBuffer: fps=9.00 dur=1000.36 max=861.18 min=15.71
84750:01-01 20:49:38.427 11884 11884 D ForceDarkHelper: updateByCheckExcludeList: pkg: com.android.todolist activity: com.android.todolist.MainActivity@bbf5b4e
84751:01-01 20:49:38.428 11884 11884 D ForceDarkHelper: updateByCheckExcludeList: pkg: com.android.todolist activity: com.android.todolist.MainActivity@bbf5b4e
84753:01-01 20:49:38.430 11884 11884 D ForceDarkHelper: updateByCheckExcludeList: pkg: com.android.todolist activity: com.android.todolist.MainActivity@bbf5b4e
84754:01-01 20:49:38.441  1297  3048 I WindowManager: Relayout Window{5c0d5f5 u0 com.android.todolist/com.android.todolist.MainActivity}: oldVis=4 newVis=0 focusMayChange = true
84758:01-01 20:49:38.443   555   608 I BufferQueueConsumer: [com.android.todolist/com.android.todolist.MainActivity#0](this:0x733c986800,id:47724,api:0,p:-1,c:555) setConsumerName: com.android.todolist/com.android.todolist.MainActivity#0
84759:01-01 20:49:38.443   555   608 I BufferQueueConsumer: [com.android.todolist/com.android.todolist.MainActivity#0](this:0x733c986800,id:47724,api:0,p:-1,c:555) setDefaultBufferSize: width=1 height=1
84760:01-01 20:49:38.447   555   608 I BufferQueueConsumer: [com.android.todolist/com.android.todolist.MainActivity#0](this:0x733c986800,id:47724,api:0,p:-1,c:555) setDefaultBufferSize: width=1080 height=2340
84767:01-01 20:49:38.461   555   608 I BufferQueueProducer: [com.android.todolist/com.android.todolist.MainActivity#0](this:0x733c986800,id:47724,api:1,p:11884,c:555) connect(P): api=1 producer=(11884:com.android.todolist) producerControlledByApp=false
84771:01-01 20:49:38.474 11884 11884 D ForceDarkHelper: updateByCheckExcludeList: pkg: com.android.todolist activity: com.android.todolist.MainActivity@bbf5b4e
84773:01-01 20:49:38.510 11884 11884 I chatty  : uid=10290(com.android.todolist) identical 15 lines
84774:01-01 20:49:38.512 11884 11884 D ForceDarkHelper: updateByCheckExcludeList: pkg: com.android.todolist activity: com.android.todolist.MainActivity@bbf5b4e
84790:01-01 20:49:38.677 11884 11976 W RenderInspector: QueueBuffer time out on com.android.todolist/com.android.todolist.MainActivity, count=1, avg=19 ms, max=19 ms.
84793:01-01 20:49:39.034  1297  1315 I Timeline: Timeline: Activity_windows_visible id: ActivityRecord{4959d83 u0 com.android.todolist/.MainActivity t2931} time:1996041758
84802:01-01 20:49:39.055   555  1176 I BufferQueueProducer: [com.android.todolist/com.android.todolist.ListActivity#0](this:0x733e3a7800,id:47722,api:1,p:11884,c:555) disconnect(P): api 1
84804:01-01 20:49:39.085   555   555 I BufferQueue: [com.android.todolist/com.android.todolist.ListActivity#0](this:0x733e3a7800,id:47722,api:1,p:-1,c:-1) ~BufferQueueCore
84812:01-01 20:49:39.960 11884 11884 D ForceDarkHelper: updateByCheckExcludeList: pkg: com.android.todolist activity: com.android.todolist.MainActivity@bbf5b4e
84814:01-01 20:49:39.971  1297  3048 I ActivityTaskManager: START u0 {cmp=com.android.todolist/.ListActivity (has extras)} from uid 10290
84815:01-01 20:49:39.962 11884 11884 D ForceDarkHelper: updateByCheckExcludeList: pkg: com.android.todolist activity: com.android.todolist.MainActivity@bbf5b4e
84831:01-01 20:49:39.979  1297  3048 D PowerHalWrapper: <amsBoostResume> last:com.android.todolist, next:com.android.todolist 
84833:01-01 20:49:39.989 11884 11884 I Toast   : Show toast from OpPackageName:com.android.todolist, PackageName:com.android.todolist
84845:01-01 20:49:39.994  1297  1674 D PowerHalWrapper: amsBoostNotify pid:11884,activity:com.android.todolist.ListActivity, package:com.android.todolist, mProcessCreatePackcom.android.todolist 
84856:01-01 20:49:40.013   555  1176 I BufferQueueProducer: [Toast#0](this:0x73351ef000,id:47725,api:1,p:11884,c:555) connect(P): api=1 producer=(11884:com.android.todolist) producerControlledByApp=false
84862:01-01 20:49:40.034 11884 11884 D ForceDarkHelper: updateByCheckExcludeList: pkg: com.android.todolist activity: com.android.todolist.ListActivity@2957b92
84863:01-01 20:49:40.059 11884 11884 I chatty  : uid=10290(com.android.todolist) identical 7 lines
84864:01-01 20:49:40.062 11884 11884 D ForceDarkHelper: updateByCheckExcludeList: pkg: com.android.todolist activity: com.android.todolist.ListActivity@2957b92
84867:01-01 20:49:40.103  1297  1674 I WindowManager: Relayout Window{41472d5 u0 com.android.todolist/com.android.todolist.ListActivity}: oldVis=4 newVis=0 focusMayChange = true
84871:01-01 20:49:40.105   555  1499 I BufferQueueConsumer: [com.android.todolist/com.android.todolist.ListActivity#0](this:0x733c939800,id:47726,api:0,p:-1,c:555) setConsumerName: com.android.todolist/com.android.todolist.ListActivity#0
84872:01-01 20:49:40.105   555  1499 I BufferQueueConsumer: [com.android.todolist/com.android.todolist.ListActivity#0](this:0x733c939800,id:47726,api:0,p:-1,c:555) setDefaultBufferSize: width=1 height=1
84873:01-01 20:49:40.108   555  1499 I BufferQueueConsumer: [com.android.todolist/com.android.todolist.ListActivity#0](this:0x733c939800,id:47726,api:0,p:-1,c:555) setDefaultBufferSize: width=1080 height=2340
84877:01-01 20:49:40.115   555  1499 I BufferQueueProducer: [com.android.todolist/com.android.todolist.ListActivity#0](this:0x733c939800,id:47726,api:1,p:11884,c:555) connect(P): api=1 producer=(11884:com.android.todolist) producerControlledByApp=false
84881:01-01 20:49:40.138   555   609 I BufferQueueProducer: [com.android.todolist/com.android.todolist.MainActivity#0](this:0x733c986800,id:47724,api:1,p:11884,c:555) queueBuffer: fps=6.22 dur=1608.97 max=1446.15 min=7.12
84894:01-01 20:49:40.652  1297  1315 I Timeline: Timeline: Activity_windows_visible id: ActivityRecord{5b42665 u0 com.android.todolist/.ListActivity t2931} time:1996043376
84904:01-01 20:49:40.672   555  1499 I BufferQueueProducer: [com.android.todolist/com.android.todolist.MainActivity#0](this:0x733c986800,id:47724,api:1,p:11884,c:555) disconnect(P): api 1
84905:01-01 20:49:40.736   555   555 I BufferQueue: [com.android.todolist/com.android.todolist.MainActivity#0](this:0x733c986800,id:47724,api:1,p:-1,c:-1) ~BufferQueueCore
84935:01-01 20:49:41.709   555  1176 I BufferQueueProducer: [com.android.todolist/com.android.todolist.ListActivity#0](this:0x733c939800,id:47726,api:1,p:11884,c:555) queueBuffer: fps=1.90 dur=1576.07 max=1530.76 min=13.22
84964:01-01 20:49:41.873  1297  1309 I ActivityTaskManager: START u0 {cmp=com.android.todolist/.MainActivity} from uid 10290
84979:01-01 20:49:41.880  1297  1309 D PowerHalWrapper: <amsBoostResume> last:com.android.todolist, next:com.android.todolist 
84991:01-01 20:49:41.895  1297  4249 D PowerHalWrapper: amsBoostNotify pid:11884,activity:com.android.todolist.MainActivity, package:com.android.todolist, mProcessCreatePackcom.android.todolist 
84994:01-01 20:49:41.915 11884 11884 D ForceDarkHelper: updateByCheckExcludeList: pkg: com.android.todolist activity: com.android.todolist.MainActivity@31de03f
84995:01-01 20:49:41.939 11884 11884 I chatty  : uid=10290(com.android.todolist) identical 11 lines
84996:01-01 20:49:41.941 11884 11884 D ForceDarkHelper: updateByCheckExcludeList: pkg: com.android.todolist activity: com.android.todolist.MainActivity@31de03f
84998:01-01 20:49:41.944 11884 11884 D ForceDarkHelper: updateByCheckExcludeList: pkg: com.android.todolist activity: com.android.todolist.MainActivity@31de03f
84999:01-01 20:49:41.947 11884 11884 I chatty  : uid=10290(com.android.todolist) identical 2 lines
85000:01-01 20:49:41.948 11884 11884 D ForceDarkHelper: updateByCheckExcludeList: pkg: com.android.todolist activity: com.android.todolist.MainActivity@31de03f
85003:01-01 20:49:41.982 11884 11884 D ForceDarkHelper: updateByCheckExcludeList: pkg: com.android.todolist activity: com.android.todolist.MainActivity@31de03f
85004:01-01 20:49:41.997  1297  4249 I WindowManager: Relayout Window{67044a2 u0 com.android.todolist/com.android.todolist.MainActivity}: oldVis=4 newVis=0 focusMayChange = true
85005:01-01 20:49:41.989 11884 11884 I chatty  : uid=10290(com.android.todolist) identical 4 lines
85006:01-01 20:49:41.991 11884 11884 D ForceDarkHelper: updateByCheckExcludeList: pkg: com.android.todolist activity: com.android.todolist.MainActivity@31de03f
85010:01-01 20:49:41.998   555  2267 I BufferQueueConsumer: [com.android.todolist/com.android.todolist.MainActivity#0](this:0x7334e45800,id:47727,api:0,p:-1,c:555) setConsumerName: com.android.todolist/com.android.todolist.MainActivity#0
85011:01-01 20:49:41.998   555  2267 I BufferQueueConsumer: [com.android.todolist/com.android.todolist.MainActivity#0](this:0x7334e45800,id:47727,api:0,p:-1,c:555) setDefaultBufferSize: width=1080 height=2340
85014:01-01 20:49:42.010   555  2267 I BufferQueueProducer: [com.android.todolist/com.android.todolist.MainActivity#0](this:0x7334e45800,id:47727,api:1,p:11884,c:555) connect(P): api=1 producer=(11884:com.android.todolist) producerControlledByApp=false
85018:01-01 20:49:42.020 11884 11884 D ForceDarkHelper: updateByCheckExcludeList: pkg: com.android.todolist activity: com.android.todolist.MainActivity@31de03f
85019:01-01 20:49:42.022 11884 11884 I chatty  : uid=10290(com.android.todolist) identical 1 line
85020:01-01 20:49:42.024 11884 11884 D ForceDarkHelper: updateByCheckExcludeList: pkg: com.android.todolist activity: com.android.todolist.MainActivity@31de03f
85022:01-01 20:49:42.029 11884 11884 D ForceDarkHelper: updateByCheckExcludeList: pkg: com.android.todolist activity: com.android.todolist.MainActivity@31de03f
85023:01-01 20:49:42.051 11884 11884 I chatty  : uid=10290(com.android.todolist) identical 12 lines
85024:01-01 20:49:42.053 11884 11884 D ForceDarkHelper: updateByCheckExcludeList: pkg: com.android.todolist activity: com.android.todolist.MainActivity@31de03f
85030:01-01 20:49:42.088  1297  3048 W NotificationService: Toast already killed. pkg=com.android.todolist callback=android.app.ITransientNotification$Stub$Proxy@b39c5fa
85050:01-01 20:49:42.587  1297  1315 I Timeline: Timeline: Activity_windows_visible id: ActivityRecord{db0d9bb u0 com.android.todolist/.MainActivity t2931} time:1996045311
85063:01-01 20:49:42.606   555   608 I BufferQueueProducer: [com.android.todolist/com.android.todolist.ListActivity#0](this:0x733c939800,id:47726,api:1,p:11884,c:555) disconnect(P): api 1
85068:01-01 20:49:42.638   555   555 I BufferQueue: [com.android.todolist/com.android.todolist.ListActivity#0](this:0x733c939800,id:47726,api:1,p:-1,c:-1) ~BufferQueueCore
85073:01-01 20:49:43.287   555   608 I BufferQueueProducer: [com.android.todolist/com.android.todolist.MainActivity#0](this:0x7334e45800,id:47727,api:1,p:11884,c:555) queueBuffer: fps=8.22 dur=1216.94 max=1046.31 min=14.99
85083:01-01 20:49:43.491 11884 11884 D ForceDarkHelper: updateByCheckExcludeList: pkg: com.android.todolist activity: com.android.todolist.MainActivity@31de03f
85085:01-01 20:49:43.505  1297  1309 I ActivityTaskManager: START u0 {cmp=com.android.todolist/.ListActivity (has extras)} from uid 10290
85086:01-01 20:49:43.492 11884 11884 D ForceDarkHelper: updateByCheckExcludeList: pkg: com.android.todolist activity: com.android.todolist.MainActivity@31de03f
85101:01-01 20:49:43.512  1297  1309 D PowerHalWrapper: <amsBoostResume> last:com.android.todolist, next:com.android.todolist 
85103:01-01 20:49:43.525 11884 11884 I Toast   : Show toast from OpPackageName:com.android.todolist, PackageName:com.android.todolist
85115:01-01 20:49:43.531  1297  1309 D PowerHalWrapper: amsBoostNotify pid:11884,activity:com.android.todolist.ListActivity, package:com.android.todolist, mProcessCreatePackcom.android.todolist 
85126:01-01 20:49:43.549   555  1176 I BufferQueueProducer: [Toast#0](this:0x733c94e000,id:47728,api:1,p:11884,c:555) connect(P): api=1 producer=(11884:com.android.todolist) producerControlledByApp=false
85132:01-01 20:49:43.568 11884 11884 D ForceDarkHelper: updateByCheckExcludeList: pkg: com.android.todolist activity: com.android.todolist.ListActivity@d9f08bb
85133:01-01 20:49:43.591 11884 11884 I chatty  : uid=10290(com.android.todolist) identical 7 lines
85134:01-01 20:49:43.593 11884 11884 D ForceDarkHelper: updateByCheckExcludeList: pkg: com.android.todolist activity: com.android.todolist.ListActivity@d9f08bb
85137:01-01 20:49:43.630  1297  1309 I WindowManager: Relayout Window{bc28d49 u0 com.android.todolist/com.android.todolist.ListActivity}: oldVis=4 newVis=0 focusMayChange = true
85141:01-01 20:49:43.631   555  1499 I BufferQueueConsumer: [com.android.todolist/com.android.todolist.ListActivity#0](this:0x733c95b800,id:47729,api:0,p:-1,c:555) setConsumerName: com.android.todolist/com.android.todolist.ListActivity#0
85142:01-01 20:49:43.631   555  1499 I BufferQueueConsumer: [com.android.todolist/com.android.todolist.ListActivity#0](this:0x733c95b800,id:47729,api:0,p:-1,c:555) setDefaultBufferSize: width=1 height=1
85143:01-01 20:49:43.634   555  1499 I BufferQueueConsumer: [com.android.todolist/com.android.todolist.ListActivity#0](this:0x733c95b800,id:47729,api:0,p:-1,c:555) setDefaultBufferSize: width=1080 height=2340
85147:01-01 20:49:43.640   555  1499 I BufferQueueProducer: [com.android.todolist/com.android.todolist.ListActivity#0](this:0x733c95b800,id:47729,api:1,p:11884,c:555) connect(P): api=1 producer=(11884:com.android.todolist) producerControlledByApp=false
85162:01-01 20:49:44.188  1297  1315 I Timeline: Timeline: Activity_windows_visible id: ActivityRecord{577fbd9 u0 com.android.todolist/.ListActivity t2931} time:1996046912
85172:01-01 20:49:44.205   555   609 I BufferQueueProducer: [com.android.todolist/com.android.todolist.MainActivity#0](this:0x7334e45800,id:47727,api:1,p:11884,c:555) disconnect(P): api 1
85175:01-01 20:49:44.273   555   555 I BufferQueue: [com.android.todolist/com.android.todolist.MainActivity#0](this:0x7334e45800,id:47727,api:1,p:-1,c:-1) ~BufferQueueCore
85218:01-01 20:49:44.956  1297  4249 D PowerHalWrapper: <amsBoostResume> last:com.android.todolist, next:com.android.todolist 
85230:01-01 20:49:44.963  1297  4249 D PowerHalWrapper: amsBoostNotify pid:11884,activity:com.android.todolist.MainActivity, package:com.android.todolist, mProcessCreatePackcom.android.todolist 
85232:01-01 20:49:44.974  1297  4249 I WindowManager: Relayout Window{67044a2 u0 com.android.todolist/com.android.todolist.MainActivity}: oldVis=8 newVis=0 focusMayChange = true
85236:01-01 20:49:44.976   555  2267 I BufferQueueConsumer: [com.android.todolist/com.android.todolist.MainActivity#0](this:0x73350a9800,id:47730,api:0,p:-1,c:555) setConsumerName: com.android.todolist/com.android.todolist.MainActivity#0
85237:01-01 20:49:44.976   555  2267 I BufferQueueConsumer: [com.android.todolist/com.android.todolist.MainActivity#0](this:0x73350a9800,id:47730,api:0,p:-1,c:555) setDefaultBufferSize: width=1080 height=2340
85240:01-01 20:49:44.981   555   609 I BufferQueueProducer: [com.android.todolist/com.android.todolist.MainActivity#0](this:0x73350a9800,id:47730,api:1,p:11884,c:555) connect(P): api=1 producer=(11884:com.android.tod